# JRE version: OpenJDK Runtime Environment (8.0_144-b01) (build 1.8.0_144-b01)
# Java VM: OpenJDK 64-Bit Server VM (25.144-b01 mixed mode linux-amd64 compressed oops)
Heap:
 PSYoungGen      total 373248K, used 1952K [0x00000000d6f00000, 0x00000000eea00000, 0x0000000100000000)
  eden space 358400K, 0% used [0x00000000d6f00000,0x00000000d6f00000,0x00000000ecd00000)
  from space 14848K, 13% used [0x00000000ecd00000,0x00000000ecee8010,0x00000000edb80000)
  to   space 8192K, 0% used [0x00000000ee200000,0x00000000ee200000,0x00000000eea00000)
 ParOldGen       total 66560K, used 27838K [0x0000000084c00000, 0x0000000088d00000, 0x00000000d6f00000)
  object space 66560K, 41% used [0x0000000084c00000,0x000000008672f860,0x0000000088d00000)
 Metaspace       used 25025K, capacity 25714K, committed 25856K, reserved 1073152K
  class space    used 2830K, capacity 3043K, committed 3072K, reserved 1048576K
GC Heap History (10 events):
Event: 15.135 GC heap after
Heap after GC invocations=11 (full 1):
 PSYoungGen      total 195584K, used 4296K [0x00000000d6f00000, 0x00000000e3c80000, 0x0000000100000000)
  eden space 182784K, 0% used [0x00000000d6f00000,0x00000000d6f00000,0x00000000e2180000)
  from space 12800K, 33% used [0x00000000e3000000,0x00000000e34320f0,0x00000000e3c80000)
  to   space 13824K, 0% used [0x00000000e2180000,0x00000000e2180000,0x00000000e2f00000)
 ParOldGen       total 66560K, used 21702K [0x0000000084c00000, 0x0000000088d00000, 0x00000000d6f00000)
  object space 66560K, 32% used [0x0000000084c00000,0x0000000086131b80,0x0000000088d00000)
 Metaspace       used 24344K, capacity 25030K, committed 25344K, reserved 1071104K
  class space    used 2787K, capacity 3009K, committed 3072K, reserved 1048576K
}
Event: 15.793 GC heap before
{Heap before GC invocations=12 (full 1):
 PSYoungGen      total 195584K, used 187080K [0x00000000d6f00000, 0x00000000e3c80000, 0x0000000100000000)
  eden space 182784K, 100% used [0x00000000d6f00000,0x00000000e2180000,0x00000000e2180000)
  from space 12800K, 33% used [0x00000000e3000000,0x00000000e34320f0,0x00000000e3c80000)
  to   space 13824K, 0% used [0x00000000e2180000,0x00000000e2180000,0x00000000e2f00000)
 ParOldGen       total 66560K, used 21702K [0x0000000084c00000, 0x0000000088d00000, 0x00000000d6f00000)
  object space 66560K, 32% used [0x0000000084c00000,0x0000000086131b80,0x0000000088d00000)
 Metaspace       used 24508K, capacity 25222K, committed 25344K, reserved 1071104K
  class space    used 2797K, capacity 3009K, committed 3072K, reserved 1048576K
Event: 15.801 GC heap after
Heap after GC invocations=12 (full 1):
 PSYoungGen      total 196608K, used 2048K [0x00000000d6f00000, 0x00000000e8a00000, 0x0000000100000000)
  eden space 182784K, 0% used [0x00000000d6f00000,0x00000000d6f00000,0x00000000e2180000)
  from space 13824K, 14% used [0x00000000e2180000,0x00000000e2380000,0x00000000e2f00000)
  to   space 14336K, 0% used [0x00000000e7c00000,0x00000000e7c00000,0x00000000e8a00000)
 ParOldGen       total 66560K, used 25418K [0x0000000084c00000, 0x0000000088d00000, 0x00000000d6f00000)
  object space 66560K, 38% used [0x0000000084c00000,0x00000000864d2820,0x0000000088d00000)
 Metaspace       used 24508K, capacity 25222K, committed 25344K, reserved 1071104K
  class space    used 2797K, capacity 3009K, committed 3072K, reserved 1048576K
}
Event: 16.228 GC heap before
{Heap before GC invocations=13 (full 1):
 PSYoungGen      total 196608K, used 184832K [0x00000000d6f00000, 0x00000000e8a00000, 0x0000000100000000)
  eden space 182784K, 100% used [0x00000000d6f00000,0x00000000e2180000,0x00000000e2180000)
  from space 13824K, 14% used [0x00000000e2180000,0x00000000e2380000,0x00000000e2f00000)
  to   space 14336K, 0% used [0x00000000e7c00000,0x00000000e7c00000,0x00000000e8a00000)
 ParOldGen       total 66560K, used 25418K [0x0000000084c00000, 0x0000000088d00000, 0x00000000d6f00000)
  object space 66560K, 38% used [0x0000000084c00000,0x00000000864d2820,0x0000000088d00000)
 Metaspace       used 24568K, capacity 25222K, committed 25344K, reserved 1071104K
  class space    used 2797K, capacity 3009K, committed 3072K, reserved 1048576K
Event: 16.235 GC heap after
Heap after GC invocations=13 (full 1):
 PSYoungGen      total 274432K, used 1184K [0x00000000d6f00000, 0x00000000e8a00000, 0x0000000100000000)
  eden space 260096K, 0% used [0x00000000d6f00000,0x00000000d6f00000,0x00000000e6d00000)
  from space 14336K, 8% used [0x00000000e7c00000,0x00000000e7d28000,0x00000000e8a00000)
  to   space 14848K, 0% used [0x00000000e6d00000,0x00000000e6d00000,0x00000000e7b80000)
 ParOldGen       total 66560K, used 25850K [0x0000000084c00000, 0x0000000088d00000, 0x00000000d6f00000)
  object space 66560K, 38% used [0x0000000084c00000,0x000000008653e820,0x0000000088d00000)
 Metaspace       used 24568K, capacity 25222K, committed 25344K, reserved 1071104K
  class space    used 2797K, capacity 3009K, committed 3072K, reserved 1048576K
}
Event: 16.813 GC heap before
{Heap before GC invocations=14 (full 1):
 PSYoungGen      total 274432K, used 261280K [0x00000000d6f00000, 0x00000000e8a00000, 0x0000000100000000)
  eden space 260096K, 100% used [0x00000000d6f00000,0x00000000e6d00000,0x00000000e6d00000)
  from space 14336K, 8% used [0x00000000e7c00000,0x00000000e7d28000,0x00000000e8a00000)
  to   space 14848K, 0% used [0x00000000e6d00000,0x00000000e6d00000,0x00000000e7b80000)
 ParOldGen       total 66560K, used 25850K [0x0000000084c00000, 0x0000000088d00000, 0x00000000d6f00000)
  object space 66560K, 38% used [0x0000000084c00000,0x000000008653e820,0x0000000088d00000)
 Metaspace       used 24664K, capacity 25414K, committed 25600K, reserved 1071104K
  class space    used 2806K, capacity 3009K, committed 3072K, reserved 1048576K
Event: 16.819 GC heap after
Heap after GC invocations=14 (full 1):
 PSYoungGen      total 274944K, used 1880K [0x00000000d6f00000, 0x00000000ef080000, 0x0000000100000000)
  eden space 260096K, 0% used [0x00000000d6f00000,0x00000000d6f00000,0x00000000e6d00000)
  from space 14848K, 12% used [0x00000000e6d00000,0x00000000e6ed6070,0x00000000e7b80000)
  to   space 14848K, 0% used [0x00000000ee200000,0x00000000ee200000,0x00000000ef080000)
 ParOldGen       total 66560K, used 26562K [0x0000000084c00000, 0x0000000088d00000, 0x00000000d6f00000)
  object space 66560K, 39% used [0x0000000084c00000,0x00000000865f0820,0x0000000088d00000)
 Metaspace       used 24664K, capacity 25414K, committed 25600K, reserved 1071104K
  class space    used 2806K, capacity 3009K, committed 3072K, reserved 1048576K
}
Event: 18.160 GC heap before
{Heap before GC invocations=15 (full 1):
 PSYoungGen      total 274944K, used 261976K [0x00000000d6f00000, 0x00000000ef080000, 0x0000000100000000)
  eden space 260096K, 100% used [0x00000000d6f00000,0x00000000e6d00000,0x00000000e6d00000)
  from space 14848K, 12% used [0x00000000e6d00000,0x00000000e6ed6070,0x00000000e7b80000)
  to   space 14848K, 0% used [0x00000000ee200000,0x00000000ee200000,0x00000000ef080000)
 ParOldGen       total 66560K, used 26562K [0x0000000084c00000, 0x0000000088d00000, 0x00000000d6f00000)
  object space 66560K, 39% used [0x0000000084c00000,0x00000000865f0820,0x0000000088d00000)
 Metaspace       used 25007K, capacity 25714K, committed 25856K, reserved 1073152K
  class space    used 2830K, capacity 3043K, committed 3072K, reserved 1048576K
Event: 18.167 GC heap after
Heap after GC invocations=15 (full 1):
 PSYoungGen      total 366592K, used 1136K [0x00000000d6f00000, 0x00000000eea00000, 0x0000000100000000)
  eden space 358400K, 0% used [0x00000000d6f00000,0x00000000d6f00000,0x00000000ecd00000)
  from space 8192K, 13% used [0x00000000ee200000,0x00000000ee31c010,0x00000000eea00000)
  to   space 14848K, 0% used [0x00000000ecd00000,0x00000000ecd00000,0x00000000edb80000)
 ParOldGen       total 66560K, used 27254K [0x0000000084c00000, 0x0000000088d00000, 0x00000000d6f00000)
  object space 66560K, 40% used [0x0000000084c00000,0x000000008669d860,0x0000000088d00000)
 Metaspace       used 25007K, capacity 25714K, committed 25856K, reserved 1073152K
  class space    used 2830K, capacity 3043K, committed 3072K, reserved 1048576K
}
Event: 19.176 GC heap before
{Heap before GC invocations=16 (full 1):
 PSYoungGen      total 366592K, used 359536K [0x00000000d6f00000, 0x00000000eea00000, 0x0000000100000000)
  eden space 358400K, 100% used [0x00000000d6f00000,0x00000000ecd00000,0x00000000ecd00000)
  from space 8192K, 13% used [0x00000000ee200000,0x00000000ee31c010,0x00000000eea00000)
  to   space 14848K, 0% used [0x00000000ecd00000,0x00000000ecd00000,0x00000000edb80000)
 ParOldGen       total 66560K, used 27254K [0x0000000084c00000, 0x0000000088d00000, 0x00000000d6f00000)
  object space 66560K, 40% used [0x0000000084c00000,0x000000008669d860,0x0000000088d00000)
 Metaspace       used 25025K, capacity 25714K, committed 25856K, reserved 1073152K
  class space    used 2830K, capacity 3043K, committed 3072K, reserved 1048576K

